
2023-03-29 10:05:29 Apache Commons Daemon procrun stderr initialized.
29-Mar-2023 10:05:30.351 INFO [main] org.apache.catalina.startup.VersionLoggerListener.log Server version name:   Apache Tomcat/9.0.73
29-Mar-2023 10:05:30.359 INFO [main] org.apache.catalina.startup.VersionLoggerListener.log Server built:          Feb 27 2023 15:33:40 UTC
29-Mar-2023 10:05:30.359 INFO [main] org.apache.catalina.startup.VersionLoggerListener.log Server version number: 9.0.73.0
29-Mar-2023 10:05:30.359 INFO [main] org.apache.catalina.startup.VersionLoggerListener.log OS Name:               Windows 10
29-Mar-2023 10:05:30.359 INFO [main] org.apache.catalina.startup.VersionLoggerListener.log OS Version:            10.0
29-Mar-2023 10:05:30.359 INFO [main] org.apache.catalina.startup.VersionLoggerListener.log Architecture:          amd64
29-Mar-2023 10:05:30.359 INFO [main] org.apache.catalina.startup.VersionLoggerListener.log Java Home:             C:\Program Files\Java\jdk-17
29-Mar-2023 10:05:30.359 INFO [main] org.apache.catalina.startup.VersionLoggerListener.log JVM Version:           17.0.6+9-LTS-190
29-Mar-2023 10:05:30.359 INFO [main] org.apache.catalina.startup.VersionLoggerListener.log JVM Vendor:            Oracle Corporation
29-Mar-2023 10:05:30.359 INFO [main] org.apache.catalina.startup.VersionLoggerListener.log CATALINA_BASE:         C:\Program Files\Apache Software Foundation\Tomcat 9.0
29-Mar-2023 10:05:30.359 INFO [main] org.apache.catalina.startup.VersionLoggerListener.log CATALINA_HOME:         C:\Program Files\Apache Software Foundation\Tomcat 9.0
29-Mar-2023 10:05:30.417 INFO [main] org.apache.catalina.startup.VersionLoggerListener.log Command line argument: -Dcatalina.home=C:\Program Files\Apache Software Foundation\Tomcat 9.0
29-Mar-2023 10:05:30.417 INFO [main] org.apache.catalina.startup.VersionLoggerListener.log Command line argument: -Dcatalina.base=C:\Program Files\Apache Software Foundation\Tomcat 9.0
29-Mar-2023 10:05:30.417 INFO [main] org.apache.catalina.startup.VersionLoggerListener.log Command line argument: -Djava.io.tmpdir=C:\Program Files\Apache Software Foundation\Tomcat 9.0\temp
29-Mar-2023 10:05:30.417 INFO [main] org.apache.catalina.startup.VersionLoggerListener.log Command line argument: -Djava.util.logging.manager=org.apache.juli.ClassLoaderLogManager
29-Mar-2023 10:05:30.417 INFO [main] org.apache.catalina.startup.VersionLoggerListener.log Command line argument: -Djava.util.logging.config.file=C:\Program Files\Apache Software Foundation\Tomcat 9.0\conf\logging.properties
29-Mar-2023 10:05:30.417 INFO [main] org.apache.catalina.startup.VersionLoggerListener.log Command line argument: --add-opens=java.base/java.lang=ALL-UNNAMED
29-Mar-2023 10:05:30.417 INFO [main] org.apache.catalina.startup.VersionLoggerListener.log Command line argument: --add-opens=java.base/java.io=ALL-UNNAMED
29-Mar-2023 10:05:30.417 INFO [main] org.apache.catalina.startup.VersionLoggerListener.log Command line argument: --add-opens=java.rmi/sun.rmi.transport=ALL-UNNAMED
29-Mar-2023 10:05:30.417 INFO [main] org.apache.catalina.startup.VersionLoggerListener.log Command line argument: exit
29-Mar-2023 10:05:30.417 INFO [main] org.apache.catalina.startup.VersionLoggerListener.log Command line argument: abort
29-Mar-2023 10:05:30.417 INFO [main] org.apache.catalina.startup.VersionLoggerListener.log Command line argument: -Xms128m
29-Mar-2023 10:05:30.417 INFO [main] org.apache.catalina.startup.VersionLoggerListener.log Command line argument: -Xmx256m
29-Mar-2023 10:05:30.417 INFO [main] org.apache.catalina.core.AprLifecycleListener.lifecycleEvent The Apache Tomcat Native library which allows using OpenSSL was not found on the java.library.path: [C:\Program Files\Apache Software Foundation\Tomcat 9.0\bin;C:\Windows\Sun\Java\bin;C:\Windows\system32;C:\Windows;C:\Program Files\Java\jdk-17\bin;C:\Program Files\Common Files\Oracle\Java\javapath;C:\Program Files\Eclipse Adoptium\jre-18.0.2.101-hotspot\bin;C:\Windows\system32;C:\Windows;C:\Windows\System32\Wbem;C:\Windows\System32\WindowsPowerShell\v1.0\;C:\Windows\System32\OpenSSH\;C:\ProgramData\chocolatey\bin;C:\Program Files\Git\cmd;C:\Windows\ServiceProfiles\LocalService\AppData\Local\Microsoft\WindowsApps;.]
29-Mar-2023 10:05:30.799 INFO [main] org.apache.coyote.AbstractProtocol.init Initializing ProtocolHandler ["http-nio-8080"]
29-Mar-2023 10:05:30.830 INFO [main] org.apache.catalina.startup.Catalina.load Server initialization in [788] milliseconds
29-Mar-2023 10:05:30.899 INFO [main] org.apache.catalina.core.StandardService.startInternal Starting service [Catalina]
29-Mar-2023 10:05:30.899 INFO [main] org.apache.catalina.core.StandardEngine.startInternal Starting Servlet engine: [Apache Tomcat/9.0.73]
29-Mar-2023 10:05:30.899 INFO [main] org.apache.catalina.startup.HostConfig.deployDirectory Deploying web application directory [C:\Program Files\Apache Software Foundation\Tomcat 9.0\webapps\docs]
29-Mar-2023 10:05:31.432 WARNING [main] org.apache.catalina.util.SessionIdGeneratorBase.createSecureRandom Creation of SecureRandom instance for session ID generation using [SHA1PRNG] took [116] milliseconds.
29-Mar-2023 10:05:31.454 INFO [main] org.apache.catalina.startup.HostConfig.deployDirectory Deployment of web application directory [C:\Program Files\Apache Software Foundation\Tomcat 9.0\webapps\docs] has finished in [555] ms
29-Mar-2023 10:05:31.454 INFO [main] org.apache.catalina.startup.HostConfig.deployDirectory Deploying web application directory [C:\Program Files\Apache Software Foundation\Tomcat 9.0\webapps\manager]
29-Mar-2023 10:05:31.554 INFO [main] org.apache.catalina.startup.HostConfig.deployDirectory Deployment of web application directory [C:\Program Files\Apache Software Foundation\Tomcat 9.0\webapps\manager] has finished in [100] ms
29-Mar-2023 10:05:31.554 INFO [main] org.apache.catalina.startup.HostConfig.deployDirectory Deploying web application directory [C:\Program Files\Apache Software Foundation\Tomcat 9.0\webapps\ROOT]
29-Mar-2023 10:05:31.617 INFO [main] org.apache.catalina.startup.HostConfig.deployDirectory Deployment of web application directory [C:\Program Files\Apache Software Foundation\Tomcat 9.0\webapps\ROOT] has finished in [47] ms
29-Mar-2023 10:05:31.617 INFO [main] org.apache.coyote.AbstractProtocol.start Starting ProtocolHandler ["http-nio-8080"]
29-Mar-2023 10:05:31.732 INFO [main] org.apache.catalina.startup.Catalina.start Server startup in [897] milliseconds
30-Mar-2023 12:05:12.909 INFO [Catalina-utility-1] org.apache.catalina.startup.HostConfig.deployDirectory Deploying web application directory [C:\Program Files\Apache Software Foundation\Tomcat 9.0\webapps\TestVSC]
30-Mar-2023 12:05:12.995 INFO [Catalina-utility-1] org.apache.catalina.startup.HostConfig.deployDirectory Deployment of web application directory [C:\Program Files\Apache Software Foundation\Tomcat 9.0\webapps\TestVSC] has finished in [85] ms
05-Apr-2023 14:03:25.655 INFO [Thread-2] org.apache.coyote.AbstractProtocol.pause Pausing ProtocolHandler ["http-nio-8080"]
05-Apr-2023 14:03:25.855 INFO [Thread-2] org.apache.catalina.core.StandardService.stopInternal Stopping service [Catalina]
05-Apr-2023 14:03:26.002 INFO [Thread-2] org.apache.coyote.AbstractProtocol.stop Stopping ProtocolHandler ["http-nio-8080"]
05-Apr-2023 14:03:26.056 INFO [Thread-2] org.apache.coyote.AbstractProtocol.destroy Destroying ProtocolHandler ["http-nio-8080"]
