
2023-04-17 09:07:17 Apache Commons Daemon procrun stderr initialized.
17-Apr-2023 09:07:20.108 INFO [main] org.apache.catalina.startup.VersionLoggerListener.log Server version name:   Apache Tomcat/9.0.73
17-Apr-2023 09:07:20.121 INFO [main] org.apache.catalina.startup.VersionLoggerListener.log Server built:          Feb 27 2023 15:33:40 UTC
17-Apr-2023 09:07:20.121 INFO [main] org.apache.catalina.startup.VersionLoggerListener.log Server version number: 9.0.73.0
17-Apr-2023 09:07:20.121 INFO [main] org.apache.catalina.startup.VersionLoggerListener.log OS Name:               Windows 10
17-Apr-2023 09:07:20.129 INFO [main] org.apache.catalina.startup.VersionLoggerListener.log OS Version:            10.0
17-Apr-2023 09:07:20.129 INFO [main] org.apache.catalina.startup.VersionLoggerListener.log Architecture:          amd64
17-Apr-2023 09:07:20.129 INFO [main] org.apache.catalina.startup.VersionLoggerListener.log Java Home:             C:\Program Files\Java\jdk-17
17-Apr-2023 09:07:20.129 INFO [main] org.apache.catalina.startup.VersionLoggerListener.log JVM Version:           17.0.6+9-LTS-190
17-Apr-2023 09:07:20.129 INFO [main] org.apache.catalina.startup.VersionLoggerListener.log JVM Vendor:            Oracle Corporation
17-Apr-2023 09:07:20.129 INFO [main] org.apache.catalina.startup.VersionLoggerListener.log CATALINA_BASE:         C:\Program Files\Apache Software Foundation\Tomcat 9.0
17-Apr-2023 09:07:20.129 INFO [main] org.apache.catalina.startup.VersionLoggerListener.log CATALINA_HOME:         C:\Program Files\Apache Software Foundation\Tomcat 9.0
17-Apr-2023 09:07:20.222 INFO [main] org.apache.catalina.startup.VersionLoggerListener.log Command line argument: -Dcatalina.home=C:\Program Files\Apache Software Foundation\Tomcat 9.0
17-Apr-2023 09:07:20.222 INFO [main] org.apache.catalina.startup.VersionLoggerListener.log Command line argument: -Dcatalina.base=C:\Program Files\Apache Software Foundation\Tomcat 9.0
17-Apr-2023 09:07:20.222 INFO [main] org.apache.catalina.startup.VersionLoggerListener.log Command line argument: -Djava.io.tmpdir=C:\Program Files\Apache Software Foundation\Tomcat 9.0\temp
17-Apr-2023 09:07:20.222 INFO [main] org.apache.catalina.startup.VersionLoggerListener.log Command line argument: -Djava.util.logging.manager=org.apache.juli.ClassLoaderLogManager
17-Apr-2023 09:07:20.232 INFO [main] org.apache.catalina.startup.VersionLoggerListener.log Command line argument: -Djava.util.logging.config.file=C:\Program Files\Apache Software Foundation\Tomcat 9.0\conf\logging.properties
17-Apr-2023 09:07:20.240 INFO [main] org.apache.catalina.startup.VersionLoggerListener.log Command line argument: --add-opens=java.base/java.lang=ALL-UNNAMED
17-Apr-2023 09:07:20.242 INFO [main] org.apache.catalina.startup.VersionLoggerListener.log Command line argument: --add-opens=java.base/java.io=ALL-UNNAMED
17-Apr-2023 09:07:20.242 INFO [main] org.apache.catalina.startup.VersionLoggerListener.log Command line argument: --add-opens=java.rmi/sun.rmi.transport=ALL-UNNAMED
17-Apr-2023 09:07:20.242 INFO [main] org.apache.catalina.startup.VersionLoggerListener.log Command line argument: exit
17-Apr-2023 09:07:20.242 INFO [main] org.apache.catalina.startup.VersionLoggerListener.log Command line argument: abort
17-Apr-2023 09:07:20.242 INFO [main] org.apache.catalina.startup.VersionLoggerListener.log Command line argument: -Xms128m
17-Apr-2023 09:07:20.242 INFO [main] org.apache.catalina.startup.VersionLoggerListener.log Command line argument: -Xmx256m
17-Apr-2023 09:07:20.260 INFO [main] org.apache.catalina.core.AprLifecycleListener.lifecycleEvent The Apache Tomcat Native library which allows using OpenSSL was not found on the java.library.path: [C:\Program Files\Apache Software Foundation\Tomcat 9.0\bin;C:\Windows\Sun\Java\bin;C:\Windows\system32;C:\Windows;C:\Program Files\Java\jdk-17\bin;C:\Program Files\Common Files\Oracle\Java\javapath;C:\Program Files\Eclipse Adoptium\jre-18.0.2.101-hotspot\bin;C:\Windows\system32;C:\Windows;C:\Windows\System32\Wbem;C:\Windows\System32\WindowsPowerShell\v1.0\;C:\Windows\System32\OpenSSH\;C:\ProgramData\chocolatey\bin;C:\Program Files\Git\cmd;C:\Windows\ServiceProfiles\LocalService\AppData\Local\Microsoft\WindowsApps;.]
17-Apr-2023 09:07:21.841 INFO [main] org.apache.coyote.AbstractProtocol.init Initializing ProtocolHandler ["http-nio-8080"]
17-Apr-2023 09:07:22.023 INFO [main] org.apache.catalina.startup.Catalina.load Server initialization in [2832] milliseconds
17-Apr-2023 09:07:22.266 INFO [main] org.apache.catalina.core.StandardService.startInternal Starting service [Catalina]
17-Apr-2023 09:07:22.266 INFO [main] org.apache.catalina.core.StandardEngine.startInternal Starting Servlet engine: [Apache Tomcat/9.0.73]
17-Apr-2023 09:07:22.316 INFO [main] org.apache.catalina.startup.HostConfig.deployDirectory Deploying web application directory [C:\Program Files\Apache Software Foundation\Tomcat 9.0\webapps\docs]
17-Apr-2023 09:07:23.643 WARNING [main] org.apache.catalina.util.SessionIdGeneratorBase.createSecureRandom Creation of SecureRandom instance for session ID generation using [SHA1PRNG] took [101] milliseconds.
17-Apr-2023 09:07:23.694 INFO [main] org.apache.catalina.startup.HostConfig.deployDirectory Deployment of web application directory [C:\Program Files\Apache Software Foundation\Tomcat 9.0\webapps\docs] has finished in [1,378] ms
17-Apr-2023 09:07:23.694 INFO [main] org.apache.catalina.startup.HostConfig.deployDirectory Deploying web application directory [C:\Program Files\Apache Software Foundation\Tomcat 9.0\webapps\manager]
17-Apr-2023 09:07:23.825 INFO [main] org.apache.catalina.startup.HostConfig.deployDirectory Deployment of web application directory [C:\Program Files\Apache Software Foundation\Tomcat 9.0\webapps\manager] has finished in [131] ms
17-Apr-2023 09:07:23.833 INFO [main] org.apache.catalina.startup.HostConfig.deployDirectory Deploying web application directory [C:\Program Files\Apache Software Foundation\Tomcat 9.0\webapps\ROOT]
17-Apr-2023 09:07:23.904 INFO [main] org.apache.catalina.startup.HostConfig.deployDirectory Deployment of web application directory [C:\Program Files\Apache Software Foundation\Tomcat 9.0\webapps\ROOT] has finished in [71] ms
17-Apr-2023 09:07:23.904 INFO [main] org.apache.catalina.startup.HostConfig.deployDirectory Deploying web application directory [C:\Program Files\Apache Software Foundation\Tomcat 9.0\webapps\TestVSC]
17-Apr-2023 09:07:23.982 INFO [main] org.apache.catalina.startup.HostConfig.deployDirectory Deployment of web application directory [C:\Program Files\Apache Software Foundation\Tomcat 9.0\webapps\TestVSC] has finished in [78] ms
17-Apr-2023 09:07:23.982 INFO [main] org.apache.coyote.AbstractProtocol.start Starting ProtocolHandler ["http-nio-8080"]
17-Apr-2023 09:07:24.104 INFO [main] org.apache.catalina.startup.Catalina.start Server startup in [2092] milliseconds
20-Apr-2023 11:39:45.792 INFO [Thread-2] org.apache.coyote.AbstractProtocol.pause Pausing ProtocolHandler ["http-nio-8080"]
20-Apr-2023 11:39:45.849 INFO [Thread-2] org.apache.catalina.core.StandardService.stopInternal Stopping service [Catalina]
20-Apr-2023 11:39:45.918 INFO [Thread-2] org.apache.coyote.AbstractProtocol.stop Stopping ProtocolHandler ["http-nio-8080"]
20-Apr-2023 11:39:45.933 INFO [Thread-2] org.apache.coyote.AbstractProtocol.destroy Destroying ProtocolHandler ["http-nio-8080"]
